<?xml version="1.0" encoding="utf-8"?>
<Result id="6f1fe7df-4afd-4b0d-b0bb-01db101c118d" name="MyProcess" result="Stop" start="2023-01-03T04:14:09.903" end="2023-01-03T04:14:26.668" jobId="Designer_20230103_131407_847">
  <Step id="S503df39dbad54858900ac41690d8273a" taskName="MyProcess" type="Chrome" name="ChromeOpen" displayName="ChromeOpen" callDepth="1" depth="1" num="1" result="Stop" start="2023-01-03T04:14:09.981" end="2023-01-03T04:14:26.668" displayTime="16.7s">
    <Variables>
      <Variable name="RESULT" scope="System" declareType="Any" isChanged="false" isChangable="true" runtimeType="Any" value="&lt;null&gt;" />
    </Variables>
    <Properties setIndex="0">
      <Property value="" runtimeType="String" key="Options_OnError" displayKey="On Error" visible="true" required="false" />
      <Property value="" runtimeType="String" key="Key_Description" displayKey="Description" visible="true" required="false" />
      <Property value="RESULT : &lt;undefined&gt;" runtimeType="Undefined" key="CHROME_Browser" displayKey="Browser" visible="true" required="true" />
      <Property value="Chrome" runtimeType="String" key="CHROME_TypeOfBrowser" displayKey="Browser Type" visible="true" required="false" />
      <Property value="False" runtimeType="Boolean" key="CHROME_BrowserType" displayKey="Headless Mode" visible="true" required="false" />
      <Property value="'https://www.kyobobook.co.kr/'" runtimeType="String" key="CHROME_URL" displayKey="URL" visible="true" required="true" />
      <Property value="" runtimeType="String" key="CHROME_ChromePath" displayKey="Browser Path" visible="true" required="false" />
      <Property value="True" runtimeType="Boolean" key="CHROME_Maximize" displayKey="Maximize" visible="true" required="false" />
      <Property value="60" runtimeType="Integer" key="CHROME_WaitTimeSec" displayKey="Page Load Timeout" visible="true" required="false" />
      <Property value="" runtimeType="String" key="CHROME_ExtensionList" displayKey="Included Extensions" visible="true" required="false" />
      <Property value="" runtimeType="String" key="CHROME_DownloadPath" displayKey="Download Path" visible="true" required="false" />
    </Properties>
  </Step>
  <JobInfo>
    <Info name="Bot Version" value="2.5.000.00921" />
    <Info name="Resolution" value="1920x1080" />
  </JobInfo>
</Result>